{"/Users/eric/Documents/Angeles/angeles/src/App.tsx": {"path":"/Users/eric/Documents/Angeles/angeles/src/App.tsx","statementMap":{"0":{"start":{"line":5,"column":2},"end":{"line":9,"column":4}}},"fnMap":{"0":{"name":"App","decl":{"start":{"line":4,"column":9},"end":{"line":4,"column":12}},"loc":{"start":{"line":4,"column":15},"end":{"line":10,"column":1}},"line":4}},"branchMap":{},"s":{"0":0},"f":{"0":0},"b":{}}
,"/Users/eric/Documents/Angeles/angeles/src/hooks.ts": {"path":"/Users/eric/Documents/Angeles/angeles/src/hooks.ts","statementMap":{"0":{"start":{"line":4,"column":30},"end":{"line":4,"column":62}},"1":{"start":{"line":4,"column":36},"end":{"line":4,"column":62}},"2":{"start":{"line":5,"column":63},"end":{"line":5,"column":74}}},"fnMap":{"0":{"name":"(anonymous_0)","decl":{"start":{"line":4,"column":30},"end":{"line":4,"column":31}},"loc":{"start":{"line":4,"column":36},"end":{"line":4,"column":62}},"line":4}},"branchMap":{},"s":{"0":0,"1":0,"2":0},"f":{"0":0},"b":{}}
,"/Users/eric/Documents/Angeles/angeles/src/test-utils.tsx": {"path":"/Users/eric/Documents/Angeles/angeles/src/test-utils.tsx","statementMap":{"0":{"start":{"line":10,"column":16},"end":{"line":12,"column":4}},"1":{"start":{"line":14,"column":2},"end":{"line":14,"column":69}}},"fnMap":{"0":{"name":"render","decl":{"start":{"line":9,"column":16},"end":{"line":9,"column":22}},"loc":{"start":{"line":9,"column":74},"end":{"line":15,"column":1}},"line":9}},"branchMap":{},"s":{"0":2,"1":2},"f":{"0":2},"b":{},"_coverageSchema":"1a1c01bbd47fc00a2c39e90264f33305004495a9","hash":"b00079ee746475292c31b587aea3f23e761f57eb"}
,"/Users/eric/Documents/Angeles/angeles/src/components/atoms/dot/dot.tsx": {"path":"/Users/eric/Documents/Angeles/angeles/src/components/atoms/dot/dot.tsx","statementMap":{"0":{"start":{"line":3,"column":12},"end":{"line":16,"column":1}},"1":{"start":{"line":4,"column":2},"end":{"line":15,"column":4}}},"fnMap":{"0":{"name":"(anonymous_0)","decl":{"start":{"line":3,"column":12},"end":{"line":3,"column":13}},"loc":{"start":{"line":3,"column":46},"end":{"line":16,"column":1}},"line":3}},"branchMap":{},"s":{"0":0,"1":0},"f":{"0":0},"b":{}}
,"/Users/eric/Documents/Angeles/angeles/src/components/molecules/categoriesDot/categoriesDot.tsx": {"path":"/Users/eric/Documents/Angeles/angeles/src/components/molecules/categoriesDot/categoriesDot.tsx","statementMap":{"0":{"start":{"line":8,"column":21},"end":{"line":32,"column":1}},"1":{"start":{"line":9,"column":2},"end":{"line":31,"column":4}}},"fnMap":{"0":{"name":"(anonymous_0)","decl":{"start":{"line":8,"column":21},"end":{"line":8,"column":22}},"loc":{"start":{"line":8,"column":59},"end":{"line":32,"column":1}},"line":8}},"branchMap":{},"s":{"0":0,"1":0},"f":{"0":0},"b":{}}
,"/Users/eric/Documents/Angeles/angeles/src/components/molecules/taskCompletitionSelector/taskCompletitionSelector.tsx": {"path":"/Users/eric/Documents/Angeles/angeles/src/components/molecules/taskCompletitionSelector/taskCompletitionSelector.tsx","statementMap":{"0":{"start":{"line":10,"column":33},"end":{"line":67,"column":1}},"1":{"start":{"line":14,"column":16},"end":{"line":14,"column":26}},"2":{"start":{"line":16,"column":2},"end":{"line":18,"column":26}},"3":{"start":{"line":17,"column":4},"end":{"line":17,"column":35}},"4":{"start":{"line":20,"column":2},"end":{"line":66,"column":4}},"5":{"start":{"line":46,"column":25},"end":{"line":46,"column":52}},"6":{"start":{"line":60,"column":25},"end":{"line":60,"column":51}}},"fnMap":{"0":{"name":"(anonymous_0)","decl":{"start":{"line":10,"column":33},"end":{"line":10,"column":34}},"loc":{"start":{"line":13,"column":37},"end":{"line":67,"column":1}},"line":13},"1":{"name":"(anonymous_1)","decl":{"start":{"line":16,"column":12},"end":{"line":16,"column":13}},"loc":{"start":{"line":16,"column":18},"end":{"line":18,"column":3}},"line":16},"2":{"name":"(anonymous_2)","decl":{"start":{"line":46,"column":19},"end":{"line":46,"column":20}},"loc":{"start":{"line":46,"column":25},"end":{"line":46,"column":52}},"line":46},"3":{"name":"(anonymous_3)","decl":{"start":{"line":60,"column":19},"end":{"line":60,"column":20}},"loc":{"start":{"line":60,"column":25},"end":{"line":60,"column":51}},"line":60}},"branchMap":{"0":{"loc":{"start":{"line":43,"column":21},"end":{"line":43,"column":63}},"type":"cond-expr","locations":[{"start":{"line":43,"column":42},"end":{"line":43,"column":51}},{"start":{"line":43,"column":54},"end":{"line":43,"column":63}}],"line":43},"1":{"loc":{"start":{"line":57,"column":21},"end":{"line":57,"column":62}},"type":"cond-expr","locations":[{"start":{"line":57,"column":41},"end":{"line":57,"column":50}},{"start":{"line":57,"column":53},"end":{"line":57,"column":62}}],"line":57}},"s":{"0":0,"1":0,"2":0,"3":0,"4":0,"5":0,"6":0},"f":{"0":0,"1":0,"2":0,"3":0},"b":{"0":[0,0],"1":[0,0]}}
,"/Users/eric/Documents/Angeles/angeles/src/components/molecules/taskContent/taskContent.tsx": {"path":"/Users/eric/Documents/Angeles/angeles/src/components/molecules/taskContent/taskContent.tsx","statementMap":{"0":{"start":{"line":4,"column":20},"end":{"line":35,"column":1}},"1":{"start":{"line":5,"column":2},"end":{"line":34,"column":4}}},"fnMap":{"0":{"name":"(anonymous_0)","decl":{"start":{"line":4,"column":20},"end":{"line":4,"column":21}},"loc":{"start":{"line":4,"column":63},"end":{"line":35,"column":1}},"line":4}},"branchMap":{},"s":{"0":0,"1":0},"f":{"0":0},"b":{}}
,"/Users/eric/Documents/Angeles/angeles/src/components/molecules/taskFooter/taskFooter.tsx": {"path":"/Users/eric/Documents/Angeles/angeles/src/components/molecules/taskFooter/taskFooter.tsx","statementMap":{"0":{"start":{"line":11,"column":19},"end":{"line":49,"column":1}},"1":{"start":{"line":12,"column":2},"end":{"line":48,"column":4}},"2":{"start":{"line":40,"column":14},"end":{"line":40,"column":32}}},"fnMap":{"0":{"name":"(anonymous_0)","decl":{"start":{"line":11,"column":19},"end":{"line":11,"column":20}},"loc":{"start":{"line":11,"column":59},"end":{"line":49,"column":1}},"line":11},"1":{"name":"(anonymous_1)","decl":{"start":{"line":39,"column":21},"end":{"line":39,"column":22}},"loc":{"start":{"line":39,"column":27},"end":{"line":41,"column":13}},"line":39}},"branchMap":{"0":{"loc":{"start":{"line":30,"column":9},"end":{"line":45,"column":9}},"type":"binary-expr","locations":[{"start":{"line":30,"column":9},"end":{"line":30,"column":24}},{"start":{"line":31,"column":10},"end":{"line":44,"column":19}}],"line":30}},"s":{"0":0,"1":0,"2":0},"f":{"0":0,"1":0},"b":{"0":[0,0]}}
,"/Users/eric/Documents/Angeles/angeles/src/components/organisms/addTaskModal/addTaskModal.tsx": {"path":"/Users/eric/Documents/Angeles/angeles/src/components/organisms/addTaskModal/addTaskModal.tsx","statementMap":{"0":{"start":{"line":16,"column":19},"end":{"line":26,"column":1}},"1":{"start":{"line":39,"column":21},"end":{"line":169,"column":1}},"2":{"start":{"line":45,"column":26},"end":{"line":45,"column":38}},"3":{"start":{"line":46,"column":34},"end":{"line":46,"column":46}},"4":{"start":{"line":47,"column":40},"end":{"line":47,"column":52}},"5":{"start":{"line":49,"column":2},"end":{"line":51,"column":36}},"6":{"start":{"line":50,"column":4},"end":{"line":50,"column":73}},"7":{"start":{"line":53,"column":23},"end":{"line":59,"column":3}},"8":{"start":{"line":54,"column":4},"end":{"line":54,"column":46}},"9":{"start":{"line":55,"column":4},"end":{"line":55,"column":16}},"10":{"start":{"line":56,"column":4},"end":{"line":56,"column":20}},"11":{"start":{"line":57,"column":4},"end":{"line":57,"column":23}},"12":{"start":{"line":58,"column":4},"end":{"line":58,"column":14}},"13":{"start":{"line":61,"column":2},"end":{"line":168,"column":4}},"14":{"start":{"line":88,"column":27},"end":{"line":88,"column":50}},"15":{"start":{"line":110,"column":29},"end":{"line":110,"column":56}},"16":{"start":{"line":120,"column":14},"end":{"line":120,"column":60}},"17":{"start":{"line":135,"column":27},"end":{"line":135,"column":57}}},"fnMap":{"0":{"name":"(anonymous_0)","decl":{"start":{"line":39,"column":21},"end":{"line":39,"column":22}},"loc":{"start":{"line":44,"column":25},"end":{"line":169,"column":1}},"line":44},"1":{"name":"(anonymous_1)","decl":{"start":{"line":49,"column":12},"end":{"line":49,"column":13}},"loc":{"start":{"line":49,"column":18},"end":{"line":51,"column":3}},"line":49},"2":{"name":"(anonymous_2)","decl":{"start":{"line":53,"column":23},"end":{"line":53,"column":24}},"loc":{"start":{"line":53,"column":29},"end":{"line":59,"column":3}},"line":53},"3":{"name":"(anonymous_3)","decl":{"start":{"line":88,"column":20},"end":{"line":88,"column":21}},"loc":{"start":{"line":88,"column":27},"end":{"line":88,"column":50}},"line":88},"4":{"name":"(anonymous_4)","decl":{"start":{"line":110,"column":22},"end":{"line":110,"column":23}},"loc":{"start":{"line":110,"column":29},"end":{"line":110,"column":56}},"line":110},"5":{"name":"(anonymous_5)","decl":{"start":{"line":119,"column":29},"end":{"line":119,"column":30}},"loc":{"start":{"line":120,"column":14},"end":{"line":120,"column":60}},"line":120},"6":{"name":"(anonymous_6)","decl":{"start":{"line":135,"column":20},"end":{"line":135,"column":21}},"loc":{"start":{"line":135,"column":27},"end":{"line":135,"column":57}},"line":135}},"branchMap":{"0":{"loc":{"start":{"line":50,"column":16},"end":{"line":50,"column":71}},"type":"binary-expr","locations":[{"start":{"line":50,"column":16},"end":{"line":50,"column":28}},{"start":{"line":50,"column":32},"end":{"line":50,"column":48}},{"start":{"line":50,"column":52},"end":{"line":50,"column":71}}],"line":50},"1":{"loc":{"start":{"line":159,"column":22},"end":{"line":159,"column":77}},"type":"binary-expr","locations":[{"start":{"line":159,"column":22},"end":{"line":159,"column":34}},{"start":{"line":159,"column":38},"end":{"line":159,"column":54}},{"start":{"line":159,"column":58},"end":{"line":159,"column":77}}],"line":159}},"s":{"0":1,"1":1,"2":3,"3":3,"4":3,"5":3,"6":3,"7":3,"8":0,"9":0,"10":0,"11":0,"12":0,"13":3,"14":1,"15":0,"16":9,"17":0},"f":{"0":3,"1":3,"2":0,"3":1,"4":0,"5":9,"6":0},"b":{"0":[3,1,0],"1":[3,1,0]},"_coverageSchema":"1a1c01bbd47fc00a2c39e90264f33305004495a9","hash":"f74ac84514843a6aef40a185a6ffe456a8af514f"}
,"/Users/eric/Documents/Angeles/angeles/src/components/organisms/categoriesList/categoriesList.tsx": {"path":"/Users/eric/Documents/Angeles/angeles/src/components/organisms/categoriesList/categoriesList.tsx","statementMap":{"0":{"start":{"line":8,"column":23},"end":{"line":51,"column":1}},"1":{"start":{"line":9,"column":2},"end":{"line":50,"column":4}},"2":{"start":{"line":42,"column":14},"end":{"line":44,"column":21}}},"fnMap":{"0":{"name":"(anonymous_0)","decl":{"start":{"line":8,"column":23},"end":{"line":8,"column":24}},"loc":{"start":{"line":8,"column":64},"end":{"line":51,"column":1}},"line":8},"1":{"name":"(anonymous_1)","decl":{"start":{"line":41,"column":28},"end":{"line":41,"column":29}},"loc":{"start":{"line":42,"column":14},"end":{"line":44,"column":21}},"line":42}},"branchMap":{},"s":{"0":0,"1":0,"2":0},"f":{"0":0,"1":0},"b":{}}
,"/Users/eric/Documents/Angeles/angeles/src/components/organisms/headerBar/headerBar.tsx": {"path":"/Users/eric/Documents/Angeles/angeles/src/components/organisms/headerBar/headerBar.tsx","statementMap":{"0":{"start":{"line":4,"column":25},"end":{"line":31,"column":1}},"1":{"start":{"line":5,"column":16},"end":{"line":5,"column":26}},"2":{"start":{"line":7,"column":2},"end":{"line":30,"column":4}}},"fnMap":{"0":{"name":"(anonymous_0)","decl":{"start":{"line":4,"column":25},"end":{"line":4,"column":26}},"loc":{"start":{"line":4,"column":31},"end":{"line":31,"column":1}},"line":4}},"branchMap":{},"s":{"0":0,"1":0,"2":0},"f":{"0":0},"b":{}}
,"/Users/eric/Documents/Angeles/angeles/src/components/organisms/taskCard/taskCard.tsx": {"path":"/Users/eric/Documents/Angeles/angeles/src/components/organisms/taskCard/taskCard.tsx","statementMap":{"0":{"start":{"line":11,"column":17},"end":{"line":30,"column":1}},"1":{"start":{"line":12,"column":2},"end":{"line":29,"column":4}}},"fnMap":{"0":{"name":"(anonymous_0)","decl":{"start":{"line":11,"column":17},"end":{"line":11,"column":18}},"loc":{"start":{"line":11,"column":55},"end":{"line":30,"column":1}},"line":11}},"branchMap":{},"s":{"0":0,"1":0},"f":{"0":0},"b":{}}
,"/Users/eric/Documents/Angeles/angeles/src/components/organisms/taskheader/taskHeader.tsx": {"path":"/Users/eric/Documents/Angeles/angeles/src/components/organisms/taskheader/taskHeader.tsx","statementMap":{"0":{"start":{"line":8,"column":19},"end":{"line":54,"column":1}},"1":{"start":{"line":9,"column":2},"end":{"line":53,"column":4}}},"fnMap":{"0":{"name":"(anonymous_0)","decl":{"start":{"line":8,"column":19},"end":{"line":8,"column":20}},"loc":{"start":{"line":8,"column":55},"end":{"line":54,"column":1}},"line":8}},"branchMap":{},"s":{"0":0,"1":0},"f":{"0":0},"b":{}}
,"/Users/eric/Documents/Angeles/angeles/src/components/organisms/tasksBoard/taskBoard.tsx": {"path":"/Users/eric/Documents/Angeles/angeles/src/components/organisms/tasksBoard/taskBoard.tsx","statementMap":{"0":{"start":{"line":13,"column":18},"end":{"line":36,"column":1}},"1":{"start":{"line":19,"column":2},"end":{"line":35,"column":4}},"2":{"start":{"line":29,"column":10},"end":{"line":31,"column":17}}},"fnMap":{"0":{"name":"(anonymous_0)","decl":{"start":{"line":13,"column":18},"end":{"line":13,"column":19}},"loc":{"start":{"line":18,"column":22},"end":{"line":36,"column":1}},"line":18},"1":{"name":"(anonymous_1)","decl":{"start":{"line":28,"column":28},"end":{"line":28,"column":29}},"loc":{"start":{"line":29,"column":10},"end":{"line":31,"column":17}},"line":29}},"branchMap":{"0":{"loc":{"start":{"line":29,"column":30},"end":{"line":29,"column":44}},"type":"binary-expr","locations":[{"start":{"line":29,"column":30},"end":{"line":29,"column":37}},{"start":{"line":29,"column":41},"end":{"line":29,"column":44}}],"line":29}},"s":{"0":0,"1":0,"2":0},"f":{"0":0,"1":0},"b":{"0":[0,0]}}
,"/Users/eric/Documents/Angeles/angeles/src/components/organisms/testParaStore/testParaStore.tsx": {"path":"/Users/eric/Documents/Angeles/angeles/src/components/organisms/testParaStore/testParaStore.tsx","statementMap":{"0":{"start":{"line":21,"column":38},"end":{"line":208,"column":1}},"1":{"start":{"line":22,"column":21},"end":{"line":22,"column":53}},"2":{"start":{"line":23,"column":15},"end":{"line":23,"column":45}},"3":{"start":{"line":24,"column":19},"end":{"line":24,"column":35}},"4":{"start":{"line":25,"column":26},"end":{"line":25,"column":46}},"5":{"start":{"line":26,"column":28},"end":{"line":26,"column":55}},"6":{"start":{"line":27,"column":36},"end":{"line":27,"column":56}},"7":{"start":{"line":28,"column":47},"end":{"line":28,"column":67}},"8":{"start":{"line":29,"column":44},"end":{"line":29,"column":64}},"9":{"start":{"line":31,"column":2},"end":{"line":35,"column":34}},"10":{"start":{"line":32,"column":4},"end":{"line":34,"column":5}},"11":{"start":{"line":33,"column":6},"end":{"line":33,"column":41}},"12":{"start":{"line":37,"column":20},"end":{"line":42,"column":3}},"13":{"start":{"line":38,"column":4},"end":{"line":41,"column":5}},"14":{"start":{"line":39,"column":6},"end":{"line":39,"column":45}},"15":{"start":{"line":40,"column":6},"end":{"line":40,"column":18}},"16":{"start":{"line":44,"column":24},"end":{"line":54,"column":3}},"17":{"start":{"line":45,"column":4},"end":{"line":51,"column":6}},"18":{"start":{"line":52,"column":4},"end":{"line":52,"column":21}},"19":{"start":{"line":53,"column":4},"end":{"line":53,"column":26}},"20":{"start":{"line":56,"column":36},"end":{"line":58,"column":3}},"21":{"start":{"line":57,"column":4},"end":{"line":57,"column":37}},"22":{"start":{"line":60,"column":2},"end":{"line":207,"column":4}},"23":{"start":{"line":65,"column":8},"end":{"line":84,"column":15}},"24":{"start":{"line":79,"column":29},"end":{"line":79,"column":61}},"25":{"start":{"line":96,"column":29},"end":{"line":96,"column":52}},"26":{"start":{"line":104,"column":29},"end":{"line":104,"column":53}},"27":{"start":{"line":123,"column":26},"end":{"line":123,"column":71}},"28":{"start":{"line":123,"column":49},"end":{"line":123,"column":70}},"29":{"start":{"line":124,"column":14},"end":{"line":138,"column":16}},"30":{"start":{"line":133,"column":35},"end":{"line":133,"column":61}},"31":{"start":{"line":150,"column":33},"end":{"line":150,"column":61}},"32":{"start":{"line":161,"column":33},"end":{"line":161,"column":66}},"33":{"start":{"line":178,"column":18},"end":{"line":184,"column":29}}},"fnMap":{"0":{"name":"(anonymous_0)","decl":{"start":{"line":21,"column":38},"end":{"line":21,"column":39}},"loc":{"start":{"line":21,"column":44},"end":{"line":208,"column":1}},"line":21},"1":{"name":"(anonymous_1)","decl":{"start":{"line":31,"column":12},"end":{"line":31,"column":13}},"loc":{"start":{"line":31,"column":18},"end":{"line":35,"column":3}},"line":31},"2":{"name":"(anonymous_2)","decl":{"start":{"line":37,"column":20},"end":{"line":37,"column":21}},"loc":{"start":{"line":37,"column":26},"end":{"line":42,"column":3}},"line":37},"3":{"name":"(anonymous_3)","decl":{"start":{"line":44,"column":24},"end":{"line":44,"column":25}},"loc":{"start":{"line":44,"column":30},"end":{"line":54,"column":3}},"line":44},"4":{"name":"(anonymous_4)","decl":{"start":{"line":56,"column":36},"end":{"line":56,"column":37}},"loc":{"start":{"line":56,"column":62},"end":{"line":58,"column":3}},"line":56},"5":{"name":"(anonymous_5)","decl":{"start":{"line":64,"column":22},"end":{"line":64,"column":23}},"loc":{"start":{"line":65,"column":8},"end":{"line":84,"column":15}},"line":65},"6":{"name":"(anonymous_6)","decl":{"start":{"line":79,"column":23},"end":{"line":79,"column":24}},"loc":{"start":{"line":79,"column":29},"end":{"line":79,"column":61}},"line":79},"7":{"name":"(anonymous_7)","decl":{"start":{"line":96,"column":22},"end":{"line":96,"column":23}},"loc":{"start":{"line":96,"column":29},"end":{"line":96,"column":52}},"line":96},"8":{"name":"(anonymous_8)","decl":{"start":{"line":104,"column":22},"end":{"line":104,"column":23}},"loc":{"start":{"line":104,"column":29},"end":{"line":104,"column":53}},"line":104},"9":{"name":"(anonymous_9)","decl":{"start":{"line":122,"column":22},"end":{"line":122,"column":23}},"loc":{"start":{"line":122,"column":29},"end":{"line":139,"column":13}},"line":122},"10":{"name":"(anonymous_10)","decl":{"start":{"line":123,"column":42},"end":{"line":123,"column":43}},"loc":{"start":{"line":123,"column":49},"end":{"line":123,"column":70}},"line":123},"11":{"name":"(anonymous_11)","decl":{"start":{"line":133,"column":29},"end":{"line":133,"column":30}},"loc":{"start":{"line":133,"column":35},"end":{"line":133,"column":61}},"line":133},"12":{"name":"(anonymous_12)","decl":{"start":{"line":150,"column":26},"end":{"line":150,"column":27}},"loc":{"start":{"line":150,"column":33},"end":{"line":150,"column":61}},"line":150},"13":{"name":"(anonymous_13)","decl":{"start":{"line":161,"column":26},"end":{"line":161,"column":27}},"loc":{"start":{"line":161,"column":33},"end":{"line":161,"column":66}},"line":161},"14":{"name":"(anonymous_14)","decl":{"start":{"line":177,"column":32},"end":{"line":177,"column":33}},"loc":{"start":{"line":178,"column":18},"end":{"line":184,"column":29}},"line":178}},"branchMap":{"0":{"loc":{"start":{"line":32,"column":4},"end":{"line":34,"column":5}},"type":"if","locations":[{"start":{"line":32,"column":4},"end":{"line":34,"column":5}},{"start":{},"end":{}}],"line":32},"1":{"loc":{"start":{"line":32,"column":8},"end":{"line":32,"column":47}},"type":"binary-expr","locations":[{"start":{"line":32,"column":8},"end":{"line":32,"column":29}},{"start":{"line":32,"column":33},"end":{"line":32,"column":47}}],"line":32},"2":{"loc":{"start":{"line":38,"column":4},"end":{"line":41,"column":5}},"type":"if","locations":[{"start":{"line":38,"column":4},"end":{"line":41,"column":5}},{"start":{},"end":{}}],"line":38},"3":{"loc":{"start":{"line":118,"column":7},"end":{"line":205,"column":7}},"type":"binary-expr","locations":[{"start":{"line":118,"column":7},"end":{"line":118,"column":28}},{"start":{"line":119,"column":8},"end":{"line":204,"column":11}}],"line":118},"4":{"loc":{"start":{"line":129,"column":22},"end":{"line":129,"column":50}},"type":"binary-expr","locations":[{"start":{"line":129,"column":22},"end":{"line":129,"column":31}},{"start":{"line":129,"column":35},"end":{"line":129,"column":50}}],"line":129},"5":{"loc":{"start":{"line":195,"column":18},"end":{"line":197,"column":39}},"type":"binary-expr","locations":[{"start":{"line":195,"column":18},"end":{"line":195,"column":35}},{"start":{"line":196,"column":18},"end":{"line":196,"column":41}},{"start":{"line":197,"column":18},"end":{"line":197,"column":39}}],"line":195}},"s":{"0":0,"1":0,"2":0,"3":0,"4":0,"5":0,"6":0,"7":0,"8":0,"9":0,"10":0,"11":0,"12":0,"13":0,"14":0,"15":0,"16":0,"17":0,"18":0,"19":0,"20":0,"21":0,"22":0,"23":0,"24":0,"25":0,"26":0,"27":0,"28":0,"29":0,"30":0,"31":0,"32":0,"33":0},"f":{"0":0,"1":0,"2":0,"3":0,"4":0,"5":0,"6":0,"7":0,"8":0,"9":0,"10":0,"11":0,"12":0,"13":0,"14":0},"b":{"0":[0,0],"1":[0,0],"2":[0,0],"3":[0,0],"4":[0,0],"5":[0,0,0]}}
,"/Users/eric/Documents/Angeles/angeles/src/components/templates/taskTemplate/taskTemplate.tsx": {"path":"/Users/eric/Documents/Angeles/angeles/src/components/templates/taskTemplate/taskTemplate.tsx","statementMap":{"0":{"start":{"line":25,"column":21},"end":{"line":60,"column":1}},"1":{"start":{"line":36,"column":2},"end":{"line":59,"column":4}},"2":{"start":{"line":43,"column":10},"end":{"line":43,"column":46}}},"fnMap":{"0":{"name":"(anonymous_0)","decl":{"start":{"line":25,"column":21},"end":{"line":25,"column":22}},"loc":{"start":{"line":35,"column":25},"end":{"line":60,"column":1}},"line":35},"1":{"name":"(anonymous_1)","decl":{"start":{"line":42,"column":18},"end":{"line":42,"column":19}},"loc":{"start":{"line":43,"column":10},"end":{"line":43,"column":46}},"line":43}},"branchMap":{},"s":{"0":0,"1":0,"2":0},"f":{"0":0,"1":0},"b":{}}
,"/Users/eric/Documents/Angeles/angeles/src/constans/initialValues.ts": {"path":"/Users/eric/Documents/Angeles/angeles/src/constans/initialValues.ts","statementMap":{"0":{"start":{"line":3,"column":38},"end":{"line":54,"column":1}}},"fnMap":{},"branchMap":{},"s":{"0":1},"f":{},"b":{},"_coverageSchema":"1a1c01bbd47fc00a2c39e90264f33305004495a9","hash":"922ed6362d98ef0ef81ab3647b24afd657a2f082"}
,"/Users/eric/Documents/Angeles/angeles/src/constans/strings.ts": {"path":"/Users/eric/Documents/Angeles/angeles/src/constans/strings.ts","statementMap":{"0":{"start":{"line":3,"column":23},"end":{"line":18,"column":1}}},"fnMap":{},"branchMap":{},"s":{"0":1},"f":{},"b":{},"_coverageSchema":"1a1c01bbd47fc00a2c39e90264f33305004495a9","hash":"ea292bdbf984ca46f0828d5d2e47aa5fed351d80"}
,"/Users/eric/Documents/Angeles/angeles/src/entities/categories/categories.types.ts": {"path":"/Users/eric/Documents/Angeles/angeles/src/entities/categories/categories.types.ts","statementMap":{},"fnMap":{},"branchMap":{},"s":{},"f":{},"b":{}}
,"/Users/eric/Documents/Angeles/angeles/src/entities/mocks/categoriesMocks.ts": {"path":"/Users/eric/Documents/Angeles/angeles/src/entities/mocks/categoriesMocks.ts","statementMap":{"0":{"start":{"line":3,"column":42},"end":{"line":19,"column":1}}},"fnMap":{},"branchMap":{},"s":{"0":1},"f":{},"b":{},"_coverageSchema":"1a1c01bbd47fc00a2c39e90264f33305004495a9","hash":"576e253312a351b5eeaf14161909a1aad747be11"}
,"/Users/eric/Documents/Angeles/angeles/src/entities/mocks/taskMocks.ts": {"path":"/Users/eric/Documents/Angeles/angeles/src/entities/mocks/taskMocks.ts","statementMap":{"0":{"start":{"line":1,"column":24},"end":{"line":7,"column":1}},"1":{"start":{"line":9,"column":33},"end":{"line":12,"column":1}}},"fnMap":{},"branchMap":{},"s":{"0":0,"1":0},"f":{},"b":{}}
,"/Users/eric/Documents/Angeles/angeles/src/entities/task/task.types.ts": {"path":"/Users/eric/Documents/Angeles/angeles/src/entities/task/task.types.ts","statementMap":{},"fnMap":{},"branchMap":{},"s":{},"f":{},"b":{}}
,"/Users/eric/Documents/Angeles/angeles/src/features/appSlice.ts": {"path":"/Users/eric/Documents/Angeles/angeles/src/features/appSlice.ts","statementMap":{"0":{"start":{"line":11,"column":17},"end":{"line":82,"column":2}},"1":{"start":{"line":16,"column":6},"end":{"line":20,"column":9}},"2":{"start":{"line":26,"column":18},"end":{"line":26,"column":74}},"3":{"start":{"line":26,"column":47},"end":{"line":26,"column":73}},"4":{"start":{"line":27,"column":6},"end":{"line":27,"column":23}},"5":{"start":{"line":27,"column":16},"end":{"line":27,"column":23}},"6":{"start":{"line":28,"column":6},"end":{"line":28,"column":70}},"7":{"start":{"line":28,"column":39},"end":{"line":28,"column":70}},"8":{"start":{"line":29,"column":6},"end":{"line":29,"column":73}},"9":{"start":{"line":29,"column":40},"end":{"line":29,"column":73}},"10":{"start":{"line":32,"column":6},"end":{"line":34,"column":8}},"11":{"start":{"line":33,"column":15},"end":{"line":33,"column":38}},"12":{"start":{"line":35,"column":6},"end":{"line":35,"column":79}},"13":{"start":{"line":35,"column":46},"end":{"line":35,"column":77}},"14":{"start":{"line":46,"column":6},"end":{"line":52,"column":9}},"15":{"start":{"line":64,"column":16},"end":{"line":64,"column":67}},"16":{"start":{"line":64,"column":40},"end":{"line":64,"column":66}},"17":{"start":{"line":65,"column":6},"end":{"line":65,"column":21}},"18":{"start":{"line":65,"column":14},"end":{"line":65,"column":21}},"19":{"start":{"line":66,"column":6},"end":{"line":66,"column":71}},"20":{"start":{"line":66,"column":40},"end":{"line":66,"column":71}},"21":{"start":{"line":67,"column":6},"end":{"line":68,"column":51}},"22":{"start":{"line":68,"column":8},"end":{"line":68,"column":51}},"23":{"start":{"line":69,"column":6},"end":{"line":70,"column":49}},"24":{"start":{"line":70,"column":8},"end":{"line":70,"column":49}},"25":{"start":{"line":71,"column":6},"end":{"line":72,"column":47}},"26":{"start":{"line":72,"column":8},"end":{"line":72,"column":47}},"27":{"start":{"line":75,"column":6},"end":{"line":75,"column":71}},"28":{"start":{"line":75,"column":46},"end":{"line":75,"column":69}},"29":{"start":{"line":78,"column":16},"end":{"line":78,"column":64}},"30":{"start":{"line":78,"column":40},"end":{"line":78,"column":63}},"31":{"start":{"line":79,"column":6},"end":{"line":79,"column":40}},"32":{"start":{"line":79,"column":13},"end":{"line":79,"column":40}},"33":{"start":{"line":92,"column":4},"end":{"line":92,"column":20}}},"fnMap":{"0":{"name":"(anonymous_0)","decl":{"start":{"line":15,"column":4},"end":{"line":15,"column":5}},"loc":{"start":{"line":15,"column":79},"end":{"line":21,"column":5}},"line":15},"1":{"name":"(anonymous_1)","decl":{"start":{"line":22,"column":4},"end":{"line":22,"column":5}},"loc":{"start":{"line":25,"column":6},"end":{"line":30,"column":5}},"line":25},"2":{"name":"(anonymous_2)","decl":{"start":{"line":26,"column":40},"end":{"line":26,"column":41}},"loc":{"start":{"line":26,"column":47},"end":{"line":26,"column":73}},"line":26},"3":{"name":"(anonymous_3)","decl":{"start":{"line":31,"column":4},"end":{"line":31,"column":5}},"loc":{"start":{"line":31,"column":57},"end":{"line":36,"column":5}},"line":31},"4":{"name":"(anonymous_4)","decl":{"start":{"line":33,"column":8},"end":{"line":33,"column":9}},"loc":{"start":{"line":33,"column":15},"end":{"line":33,"column":38}},"line":33},"5":{"name":"(anonymous_5)","decl":{"start":{"line":35,"column":39},"end":{"line":35,"column":40}},"loc":{"start":{"line":35,"column":46},"end":{"line":35,"column":77}},"line":35},"6":{"name":"(anonymous_6)","decl":{"start":{"line":38,"column":4},"end":{"line":38,"column":5}},"loc":{"start":{"line":45,"column":6},"end":{"line":53,"column":5}},"line":45},"7":{"name":"(anonymous_7)","decl":{"start":{"line":54,"column":4},"end":{"line":54,"column":5}},"loc":{"start":{"line":63,"column":6},"end":{"line":73,"column":5}},"line":63},"8":{"name":"(anonymous_8)","decl":{"start":{"line":64,"column":33},"end":{"line":64,"column":34}},"loc":{"start":{"line":64,"column":40},"end":{"line":64,"column":66}},"line":64},"9":{"name":"(anonymous_9)","decl":{"start":{"line":74,"column":4},"end":{"line":74,"column":5}},"loc":{"start":{"line":74,"column":53},"end":{"line":76,"column":5}},"line":74},"10":{"name":"(anonymous_10)","decl":{"start":{"line":75,"column":39},"end":{"line":75,"column":40}},"loc":{"start":{"line":75,"column":46},"end":{"line":75,"column":69}},"line":75},"11":{"name":"(anonymous_11)","decl":{"start":{"line":77,"column":4},"end":{"line":77,"column":5}},"loc":{"start":{"line":77,"column":62},"end":{"line":80,"column":5}},"line":77},"12":{"name":"(anonymous_12)","decl":{"start":{"line":78,"column":33},"end":{"line":78,"column":34}},"loc":{"start":{"line":78,"column":40},"end":{"line":78,"column":63}},"line":78}},"branchMap":{"0":{"loc":{"start":{"line":27,"column":6},"end":{"line":27,"column":23}},"type":"if","locations":[{"start":{"line":27,"column":6},"end":{"line":27,"column":23}},{"start":{},"end":{}}],"line":27},"1":{"loc":{"start":{"line":28,"column":6},"end":{"line":28,"column":70}},"type":"if","locations":[{"start":{"line":28,"column":6},"end":{"line":28,"column":70}},{"start":{},"end":{}}],"line":28},"2":{"loc":{"start":{"line":29,"column":6},"end":{"line":29,"column":73}},"type":"if","locations":[{"start":{"line":29,"column":6},"end":{"line":29,"column":73}},{"start":{},"end":{}}],"line":29},"3":{"loc":{"start":{"line":50,"column":20},"end":{"line":50,"column":53}},"type":"binary-expr","locations":[{"start":{"line":50,"column":20},"end":{"line":50,"column":45}},{"start":{"line":50,"column":49},"end":{"line":50,"column":53}}],"line":50},"4":{"loc":{"start":{"line":65,"column":6},"end":{"line":65,"column":21}},"type":"if","locations":[{"start":{"line":65,"column":6},"end":{"line":65,"column":21}},{"start":{},"end":{}}],"line":65},"5":{"loc":{"start":{"line":66,"column":6},"end":{"line":66,"column":71}},"type":"if","locations":[{"start":{"line":66,"column":6},"end":{"line":66,"column":71}},{"start":{},"end":{}}],"line":66},"6":{"loc":{"start":{"line":67,"column":6},"end":{"line":68,"column":51}},"type":"if","locations":[{"start":{"line":67,"column":6},"end":{"line":68,"column":51}},{"start":{},"end":{}}],"line":67},"7":{"loc":{"start":{"line":69,"column":6},"end":{"line":70,"column":49}},"type":"if","locations":[{"start":{"line":69,"column":6},"end":{"line":70,"column":49}},{"start":{},"end":{}}],"line":69},"8":{"loc":{"start":{"line":71,"column":6},"end":{"line":72,"column":47}},"type":"if","locations":[{"start":{"line":71,"column":6},"end":{"line":72,"column":47}},{"start":{},"end":{}}],"line":71},"9":{"loc":{"start":{"line":79,"column":6},"end":{"line":79,"column":40}},"type":"if","locations":[{"start":{"line":79,"column":6},"end":{"line":79,"column":40}},{"start":{},"end":{}}],"line":79}},"s":{"0":1,"1":0,"2":0,"3":0,"4":0,"5":0,"6":0,"7":0,"8":0,"9":0,"10":0,"11":0,"12":0,"13":0,"14":0,"15":0,"16":0,"17":0,"18":0,"19":0,"20":0,"21":0,"22":0,"23":0,"24":0,"25":0,"26":0,"27":0,"28":0,"29":0,"30":0,"31":0,"32":0,"33":1},"f":{"0":0,"1":0,"2":0,"3":0,"4":0,"5":0,"6":0,"7":0,"8":0,"9":0,"10":0,"11":0,"12":0},"b":{"0":[0,0],"1":[0,0],"2":[0,0],"3":[0,0],"4":[0,0],"5":[0,0],"6":[0,0],"7":[0,0],"8":[0,0],"9":[0,0]},"_coverageSchema":"1a1c01bbd47fc00a2c39e90264f33305004495a9","hash":"ff00d2ca5170e0b76a5bd3cada641bdbe129045b"}
,"/Users/eric/Documents/Angeles/angeles/src/features/selectors.ts": {"path":"/Users/eric/Documents/Angeles/angeles/src/features/selectors.ts","statementMap":{"0":{"start":{"line":3,"column":35},"end":{"line":3,"column":77}},"1":{"start":{"line":3,"column":57},"end":{"line":3,"column":77}},"2":{"start":{"line":4,"column":35},"end":{"line":4,"column":72}},"3":{"start":{"line":4,"column":57},"end":{"line":4,"column":72}},"4":{"start":{"line":5,"column":36},"end":{"line":5,"column":98}},"5":{"start":{"line":5,"column":58},"end":{"line":5,"column":98}},"6":{"start":{"line":5,"column":86},"end":{"line":5,"column":97}},"7":{"start":{"line":6,"column":36},"end":{"line":6,"column":99}},"8":{"start":{"line":6,"column":58},"end":{"line":6,"column":99}},"9":{"start":{"line":6,"column":86},"end":{"line":6,"column":98}}},"fnMap":{"0":{"name":"(anonymous_0)","decl":{"start":{"line":3,"column":35},"end":{"line":3,"column":36}},"loc":{"start":{"line":3,"column":57},"end":{"line":3,"column":77}},"line":3},"1":{"name":"(anonymous_1)","decl":{"start":{"line":4,"column":35},"end":{"line":4,"column":36}},"loc":{"start":{"line":4,"column":57},"end":{"line":4,"column":72}},"line":4},"2":{"name":"(anonymous_2)","decl":{"start":{"line":5,"column":36},"end":{"line":5,"column":37}},"loc":{"start":{"line":5,"column":58},"end":{"line":5,"column":98}},"line":5},"3":{"name":"(anonymous_3)","decl":{"start":{"line":5,"column":81},"end":{"line":5,"column":82}},"loc":{"start":{"line":5,"column":86},"end":{"line":5,"column":97}},"line":5},"4":{"name":"(anonymous_4)","decl":{"start":{"line":6,"column":36},"end":{"line":6,"column":37}},"loc":{"start":{"line":6,"column":58},"end":{"line":6,"column":99}},"line":6},"5":{"name":"(anonymous_5)","decl":{"start":{"line":6,"column":81},"end":{"line":6,"column":82}},"loc":{"start":{"line":6,"column":86},"end":{"line":6,"column":98}},"line":6}},"branchMap":{},"s":{"0":0,"1":0,"2":0,"3":0,"4":0,"5":0,"6":0,"7":0,"8":0,"9":0},"f":{"0":0,"1":0,"2":0,"3":0,"4":0,"5":0},"b":{}}
,"/Users/eric/Documents/Angeles/angeles/src/screens/taskScreen/taskScreen.tsx": {"path":"/Users/eric/Documents/Angeles/angeles/src/screens/taskScreen/taskScreen.tsx","statementMap":{"0":{"start":{"line":8,"column":19},"end":{"line":64,"column":1}},"1":{"start":{"line":9,"column":20},"end":{"line":9,"column":50}},"2":{"start":{"line":10,"column":19},"end":{"line":10,"column":35}},"3":{"start":{"line":11,"column":21},"end":{"line":11,"column":53}},"4":{"start":{"line":12,"column":28},"end":{"line":12,"column":57}},"5":{"start":{"line":13,"column":52},"end":{"line":13,"column":67}},"6":{"start":{"line":14,"column":40},"end":{"line":14,"column":55}},"7":{"start":{"line":16,"column":2},"end":{"line":28,"column":49}},"8":{"start":{"line":17,"column":27},"end":{"line":23,"column":6}},"9":{"start":{"line":18,"column":23},"end":{"line":18,"column":75}},"10":{"start":{"line":18,"column":48},"end":{"line":18,"column":74}},"11":{"start":{"line":19,"column":6},"end":{"line":22,"column":8}},"12":{"start":{"line":24,"column":26},"end":{"line":26,"column":5}},"13":{"start":{"line":25,"column":16},"end":{"line":25,"column":52}},"14":{"start":{"line":27,"column":4},"end":{"line":27,"column":28}},"15":{"start":{"line":30,"column":27},"end":{"line":37,"column":3}},"16":{"start":{"line":31,"column":4},"end":{"line":36,"column":6}},"17":{"start":{"line":38,"column":24},"end":{"line":44,"column":3}},"18":{"start":{"line":43,"column":4},"end":{"line":43,"column":74}},"19":{"start":{"line":45,"column":26},"end":{"line":47,"column":3}},"20":{"start":{"line":46,"column":4},"end":{"line":46,"column":25}},"21":{"start":{"line":48,"column":27},"end":{"line":50,"column":3}},"22":{"start":{"line":49,"column":4},"end":{"line":49,"column":26}},"23":{"start":{"line":51,"column":2},"end":{"line":63,"column":4}}},"fnMap":{"0":{"name":"(anonymous_0)","decl":{"start":{"line":8,"column":19},"end":{"line":8,"column":20}},"loc":{"start":{"line":8,"column":25},"end":{"line":64,"column":1}},"line":8},"1":{"name":"(anonymous_1)","decl":{"start":{"line":16,"column":12},"end":{"line":16,"column":13}},"loc":{"start":{"line":16,"column":18},"end":{"line":28,"column":3}},"line":16},"2":{"name":"(anonymous_2)","decl":{"start":{"line":17,"column":41},"end":{"line":17,"column":42}},"loc":{"start":{"line":17,"column":51},"end":{"line":23,"column":5}},"line":17},"3":{"name":"(anonymous_3)","decl":{"start":{"line":18,"column":39},"end":{"line":18,"column":40}},"loc":{"start":{"line":18,"column":48},"end":{"line":18,"column":74}},"line":18},"4":{"name":"(anonymous_4)","decl":{"start":{"line":25,"column":6},"end":{"line":25,"column":7}},"loc":{"start":{"line":25,"column":16},"end":{"line":25,"column":52}},"line":25},"5":{"name":"(anonymous_5)","decl":{"start":{"line":30,"column":27},"end":{"line":30,"column":28}},"loc":{"start":{"line":30,"column":47},"end":{"line":37,"column":3}},"line":30},"6":{"name":"(anonymous_6)","decl":{"start":{"line":38,"column":24},"end":{"line":38,"column":25}},"loc":{"start":{"line":42,"column":7},"end":{"line":44,"column":3}},"line":42},"7":{"name":"(anonymous_7)","decl":{"start":{"line":45,"column":26},"end":{"line":45,"column":27}},"loc":{"start":{"line":45,"column":32},"end":{"line":47,"column":3}},"line":45},"8":{"name":"(anonymous_8)","decl":{"start":{"line":48,"column":27},"end":{"line":48,"column":28}},"loc":{"start":{"line":48,"column":33},"end":{"line":50,"column":3}},"line":48}},"branchMap":{"0":{"loc":{"start":{"line":21,"column":15},"end":{"line":21,"column":52}},"type":"cond-expr","locations":[{"start":{"line":21,"column":26},"end":{"line":21,"column":40}},{"start":{"line":21,"column":43},"end":{"line":21,"column":52}}],"line":21}},"s":{"0":0,"1":0,"2":0,"3":0,"4":0,"5":0,"6":0,"7":0,"8":0,"9":0,"10":0,"11":0,"12":0,"13":0,"14":0,"15":0,"16":0,"17":0,"18":0,"19":0,"20":0,"21":0,"22":0,"23":0},"f":{"0":0,"1":0,"2":0,"3":0,"4":0,"5":0,"6":0,"7":0,"8":0},"b":{"0":[0,0]}}
}
