{"/Users/eric/Documents/Angeles/angeles/src/App.tsx": {"path":"/Users/eric/Documents/Angeles/angeles/src/App.tsx","statementMap":{"0":{"start":{"line":6,"column":2},"end":{"line":10,"column":4}}},"fnMap":{"0":{"name":"App","decl":{"start":{"line":5,"column":9},"end":{"line":5,"column":12}},"loc":{"start":{"line":5,"column":15},"end":{"line":11,"column":1}},"line":5}},"branchMap":{},"s":{"0":1},"f":{"0":1},"b":{},"_coverageSchema":"1a1c01bbd47fc00a2c39e90264f33305004495a9","hash":"ec79eeb3ec0be33c2aaf580e013d5ff2d076230d"}
,"/Users/eric/Documents/Angeles/angeles/src/hooks.ts": {"path":"/Users/eric/Documents/Angeles/angeles/src/hooks.ts","statementMap":{"0":{"start":{"line":4,"column":30},"end":{"line":4,"column":62}},"1":{"start":{"line":4,"column":36},"end":{"line":4,"column":62}},"2":{"start":{"line":5,"column":63},"end":{"line":5,"column":74}}},"fnMap":{"0":{"name":"(anonymous_0)","decl":{"start":{"line":4,"column":30},"end":{"line":4,"column":31}},"loc":{"start":{"line":4,"column":36},"end":{"line":4,"column":62}},"line":4}},"branchMap":{},"s":{"0":2,"1":35,"2":2},"f":{"0":35},"b":{},"_coverageSchema":"1a1c01bbd47fc00a2c39e90264f33305004495a9","hash":"52b917d6d9cf2cb2830373d40c0d1eee769e558e"}
,"/Users/eric/Documents/Angeles/angeles/src/test-utils.tsx": {"path":"/Users/eric/Documents/Angeles/angeles/src/test-utils.tsx","statementMap":{"0":{"start":{"line":10,"column":16},"end":{"line":12,"column":4}},"1":{"start":{"line":14,"column":2},"end":{"line":14,"column":69}}},"fnMap":{"0":{"name":"render","decl":{"start":{"line":9,"column":16},"end":{"line":9,"column":22}},"loc":{"start":{"line":9,"column":74},"end":{"line":15,"column":1}},"line":9}},"branchMap":{},"s":{"0":8,"1":8},"f":{"0":8},"b":{},"_coverageSchema":"1a1c01bbd47fc00a2c39e90264f33305004495a9","hash":"b00079ee746475292c31b587aea3f23e761f57eb"}
,"/Users/eric/Documents/Angeles/angeles/src/components/organisms/testParaStore/testParaStore.tsx": {"path":"/Users/eric/Documents/Angeles/angeles/src/components/organisms/testParaStore/testParaStore.tsx","statementMap":{"0":{"start":{"line":21,"column":38},"end":{"line":208,"column":1}},"1":{"start":{"line":22,"column":21},"end":{"line":22,"column":53}},"2":{"start":{"line":23,"column":15},"end":{"line":23,"column":45}},"3":{"start":{"line":24,"column":19},"end":{"line":24,"column":35}},"4":{"start":{"line":25,"column":26},"end":{"line":25,"column":46}},"5":{"start":{"line":26,"column":28},"end":{"line":26,"column":55}},"6":{"start":{"line":27,"column":36},"end":{"line":27,"column":56}},"7":{"start":{"line":28,"column":47},"end":{"line":28,"column":67}},"8":{"start":{"line":29,"column":44},"end":{"line":29,"column":64}},"9":{"start":{"line":31,"column":2},"end":{"line":35,"column":34}},"10":{"start":{"line":32,"column":4},"end":{"line":34,"column":5}},"11":{"start":{"line":33,"column":6},"end":{"line":33,"column":41}},"12":{"start":{"line":37,"column":20},"end":{"line":42,"column":3}},"13":{"start":{"line":38,"column":4},"end":{"line":41,"column":5}},"14":{"start":{"line":39,"column":6},"end":{"line":39,"column":45}},"15":{"start":{"line":40,"column":6},"end":{"line":40,"column":18}},"16":{"start":{"line":44,"column":24},"end":{"line":54,"column":3}},"17":{"start":{"line":45,"column":4},"end":{"line":51,"column":6}},"18":{"start":{"line":52,"column":4},"end":{"line":52,"column":21}},"19":{"start":{"line":53,"column":4},"end":{"line":53,"column":26}},"20":{"start":{"line":56,"column":36},"end":{"line":58,"column":3}},"21":{"start":{"line":57,"column":4},"end":{"line":57,"column":37}},"22":{"start":{"line":60,"column":2},"end":{"line":207,"column":4}},"23":{"start":{"line":65,"column":8},"end":{"line":84,"column":15}},"24":{"start":{"line":79,"column":29},"end":{"line":79,"column":61}},"25":{"start":{"line":96,"column":29},"end":{"line":96,"column":52}},"26":{"start":{"line":104,"column":29},"end":{"line":104,"column":53}},"27":{"start":{"line":123,"column":26},"end":{"line":123,"column":71}},"28":{"start":{"line":123,"column":49},"end":{"line":123,"column":70}},"29":{"start":{"line":124,"column":14},"end":{"line":138,"column":16}},"30":{"start":{"line":133,"column":35},"end":{"line":133,"column":61}},"31":{"start":{"line":150,"column":33},"end":{"line":150,"column":61}},"32":{"start":{"line":161,"column":33},"end":{"line":161,"column":66}},"33":{"start":{"line":178,"column":18},"end":{"line":184,"column":29}}},"fnMap":{"0":{"name":"(anonymous_0)","decl":{"start":{"line":21,"column":38},"end":{"line":21,"column":39}},"loc":{"start":{"line":21,"column":44},"end":{"line":208,"column":1}},"line":21},"1":{"name":"(anonymous_1)","decl":{"start":{"line":31,"column":12},"end":{"line":31,"column":13}},"loc":{"start":{"line":31,"column":18},"end":{"line":35,"column":3}},"line":31},"2":{"name":"(anonymous_2)","decl":{"start":{"line":37,"column":20},"end":{"line":37,"column":21}},"loc":{"start":{"line":37,"column":26},"end":{"line":42,"column":3}},"line":37},"3":{"name":"(anonymous_3)","decl":{"start":{"line":44,"column":24},"end":{"line":44,"column":25}},"loc":{"start":{"line":44,"column":30},"end":{"line":54,"column":3}},"line":44},"4":{"name":"(anonymous_4)","decl":{"start":{"line":56,"column":36},"end":{"line":56,"column":37}},"loc":{"start":{"line":56,"column":62},"end":{"line":58,"column":3}},"line":56},"5":{"name":"(anonymous_5)","decl":{"start":{"line":64,"column":22},"end":{"line":64,"column":23}},"loc":{"start":{"line":65,"column":8},"end":{"line":84,"column":15}},"line":65},"6":{"name":"(anonymous_6)","decl":{"start":{"line":79,"column":23},"end":{"line":79,"column":24}},"loc":{"start":{"line":79,"column":29},"end":{"line":79,"column":61}},"line":79},"7":{"name":"(anonymous_7)","decl":{"start":{"line":96,"column":22},"end":{"line":96,"column":23}},"loc":{"start":{"line":96,"column":29},"end":{"line":96,"column":52}},"line":96},"8":{"name":"(anonymous_8)","decl":{"start":{"line":104,"column":22},"end":{"line":104,"column":23}},"loc":{"start":{"line":104,"column":29},"end":{"line":104,"column":53}},"line":104},"9":{"name":"(anonymous_9)","decl":{"start":{"line":122,"column":22},"end":{"line":122,"column":23}},"loc":{"start":{"line":122,"column":29},"end":{"line":139,"column":13}},"line":122},"10":{"name":"(anonymous_10)","decl":{"start":{"line":123,"column":42},"end":{"line":123,"column":43}},"loc":{"start":{"line":123,"column":49},"end":{"line":123,"column":70}},"line":123},"11":{"name":"(anonymous_11)","decl":{"start":{"line":133,"column":29},"end":{"line":133,"column":30}},"loc":{"start":{"line":133,"column":35},"end":{"line":133,"column":61}},"line":133},"12":{"name":"(anonymous_12)","decl":{"start":{"line":150,"column":26},"end":{"line":150,"column":27}},"loc":{"start":{"line":150,"column":33},"end":{"line":150,"column":61}},"line":150},"13":{"name":"(anonymous_13)","decl":{"start":{"line":161,"column":26},"end":{"line":161,"column":27}},"loc":{"start":{"line":161,"column":33},"end":{"line":161,"column":66}},"line":161},"14":{"name":"(anonymous_14)","decl":{"start":{"line":177,"column":32},"end":{"line":177,"column":33}},"loc":{"start":{"line":178,"column":18},"end":{"line":184,"column":29}},"line":178}},"branchMap":{"0":{"loc":{"start":{"line":32,"column":4},"end":{"line":34,"column":5}},"type":"if","locations":[{"start":{"line":32,"column":4},"end":{"line":34,"column":5}},{"start":{},"end":{}}],"line":32},"1":{"loc":{"start":{"line":32,"column":8},"end":{"line":32,"column":47}},"type":"binary-expr","locations":[{"start":{"line":32,"column":8},"end":{"line":32,"column":29}},{"start":{"line":32,"column":33},"end":{"line":32,"column":47}}],"line":32},"2":{"loc":{"start":{"line":38,"column":4},"end":{"line":41,"column":5}},"type":"if","locations":[{"start":{"line":38,"column":4},"end":{"line":41,"column":5}},{"start":{},"end":{}}],"line":38},"3":{"loc":{"start":{"line":118,"column":7},"end":{"line":205,"column":7}},"type":"binary-expr","locations":[{"start":{"line":118,"column":7},"end":{"line":118,"column":28}},{"start":{"line":119,"column":8},"end":{"line":204,"column":11}}],"line":118},"4":{"loc":{"start":{"line":129,"column":22},"end":{"line":129,"column":50}},"type":"binary-expr","locations":[{"start":{"line":129,"column":22},"end":{"line":129,"column":31}},{"start":{"line":129,"column":35},"end":{"line":129,"column":50}}],"line":129},"5":{"loc":{"start":{"line":195,"column":18},"end":{"line":197,"column":39}},"type":"binary-expr","locations":[{"start":{"line":195,"column":18},"end":{"line":195,"column":35}},{"start":{"line":196,"column":18},"end":{"line":196,"column":41}},{"start":{"line":197,"column":18},"end":{"line":197,"column":39}}],"line":195}},"s":{"0":2,"1":35,"2":35,"3":35,"4":35,"5":35,"6":35,"7":35,"8":35,"9":35,"10":21,"11":5,"12":35,"13":6,"14":6,"15":6,"16":35,"17":2,"18":2,"19":2,"20":35,"21":1,"22":35,"23":22,"24":1,"25":6,"26":1,"27":2,"28":2,"29":2,"30":1,"31":2,"32":2,"33":22},"f":{"0":35,"1":21,"2":6,"3":2,"4":1,"5":22,"6":1,"7":6,"8":1,"9":2,"10":2,"11":1,"12":2,"13":2,"14":22},"b":{"0":[5,16],"1":[21,12],"2":[6,0],"3":[35,20],"4":[2,0],"5":[20,4,2]},"_coverageSchema":"1a1c01bbd47fc00a2c39e90264f33305004495a9","hash":"ed7e7bae2f99632a82e44c6aea87c321e726a708"}
,"/Users/eric/Documents/Angeles/angeles/src/features/appSlice.ts": {"path":"/Users/eric/Documents/Angeles/angeles/src/features/appSlice.ts","statementMap":{"0":{"start":{"line":23,"column":31},"end":{"line":26,"column":1}},"1":{"start":{"line":28,"column":17},"end":{"line":97,"column":2}},"2":{"start":{"line":37,"column":6},"end":{"line":41,"column":8}},"3":{"start":{"line":47,"column":18},"end":{"line":47,"column":72}},"4":{"start":{"line":47,"column":45},"end":{"line":47,"column":71}},"5":{"start":{"line":48,"column":6},"end":{"line":48,"column":22}},"6":{"start":{"line":48,"column":16},"end":{"line":48,"column":22}},"7":{"start":{"line":49,"column":6},"end":{"line":49,"column":71}},"8":{"start":{"line":49,"column":40},"end":{"line":49,"column":71}},"9":{"start":{"line":50,"column":6},"end":{"line":50,"column":72}},"10":{"start":{"line":50,"column":40},"end":{"line":50,"column":72}},"11":{"start":{"line":53,"column":6},"end":{"line":53,"column":78}},"12":{"start":{"line":53,"column":54},"end":{"line":53,"column":77}},"13":{"start":{"line":54,"column":6},"end":{"line":54,"column":81}},"14":{"start":{"line":54,"column":49},"end":{"line":54,"column":80}},"15":{"start":{"line":66,"column":6},"end":{"line":72,"column":8}},"16":{"start":{"line":83,"column":16},"end":{"line":83,"column":65}},"17":{"start":{"line":83,"column":38},"end":{"line":83,"column":64}},"18":{"start":{"line":84,"column":6},"end":{"line":84,"column":20}},"19":{"start":{"line":84,"column":14},"end":{"line":84,"column":20}},"20":{"start":{"line":85,"column":6},"end":{"line":85,"column":82}},"21":{"start":{"line":85,"column":46},"end":{"line":85,"column":82}},"22":{"start":{"line":86,"column":6},"end":{"line":86,"column":88}},"23":{"start":{"line":86,"column":46},"end":{"line":86,"column":88}},"24":{"start":{"line":87,"column":6},"end":{"line":87,"column":93}},"25":{"start":{"line":87,"column":52},"end":{"line":87,"column":93}},"26":{"start":{"line":90,"column":6},"end":{"line":90,"column":68}},"27":{"start":{"line":90,"column":44},"end":{"line":90,"column":67}},"28":{"start":{"line":93,"column":16},"end":{"line":93,"column":62}},"29":{"start":{"line":93,"column":38},"end":{"line":93,"column":61}},"30":{"start":{"line":94,"column":6},"end":{"line":94,"column":39}},"31":{"start":{"line":94,"column":13},"end":{"line":94,"column":39}},"32":{"start":{"line":107,"column":4},"end":{"line":107,"column":20}}},"fnMap":{"0":{"name":"(anonymous_0)","decl":{"start":{"line":33,"column":4},"end":{"line":33,"column":5}},"loc":{"start":{"line":36,"column":6},"end":{"line":42,"column":5}},"line":36},"1":{"name":"(anonymous_1)","decl":{"start":{"line":43,"column":4},"end":{"line":43,"column":5}},"loc":{"start":{"line":46,"column":6},"end":{"line":51,"column":5}},"line":46},"2":{"name":"(anonymous_2)","decl":{"start":{"line":47,"column":40},"end":{"line":47,"column":41}},"loc":{"start":{"line":47,"column":45},"end":{"line":47,"column":71}},"line":47},"3":{"name":"(anonymous_3)","decl":{"start":{"line":52,"column":4},"end":{"line":52,"column":5}},"loc":{"start":{"line":52,"column":57},"end":{"line":55,"column":5}},"line":52},"4":{"name":"(anonymous_4)","decl":{"start":{"line":53,"column":49},"end":{"line":53,"column":50}},"loc":{"start":{"line":53,"column":54},"end":{"line":53,"column":77}},"line":53},"5":{"name":"(anonymous_5)","decl":{"start":{"line":54,"column":44},"end":{"line":54,"column":45}},"loc":{"start":{"line":54,"column":49},"end":{"line":54,"column":80}},"line":54},"6":{"name":"(anonymous_6)","decl":{"start":{"line":58,"column":4},"end":{"line":58,"column":5}},"loc":{"start":{"line":65,"column":6},"end":{"line":73,"column":5}},"line":65},"7":{"name":"(anonymous_7)","decl":{"start":{"line":74,"column":4},"end":{"line":74,"column":5}},"loc":{"start":{"line":82,"column":6},"end":{"line":88,"column":5}},"line":82},"8":{"name":"(anonymous_8)","decl":{"start":{"line":83,"column":33},"end":{"line":83,"column":34}},"loc":{"start":{"line":83,"column":38},"end":{"line":83,"column":64}},"line":83},"9":{"name":"(anonymous_9)","decl":{"start":{"line":89,"column":4},"end":{"line":89,"column":5}},"loc":{"start":{"line":89,"column":53},"end":{"line":91,"column":5}},"line":89},"10":{"name":"(anonymous_10)","decl":{"start":{"line":90,"column":39},"end":{"line":90,"column":40}},"loc":{"start":{"line":90,"column":44},"end":{"line":90,"column":67}},"line":90},"11":{"name":"(anonymous_11)","decl":{"start":{"line":92,"column":4},"end":{"line":92,"column":5}},"loc":{"start":{"line":92,"column":62},"end":{"line":95,"column":5}},"line":92},"12":{"name":"(anonymous_12)","decl":{"start":{"line":93,"column":33},"end":{"line":93,"column":34}},"loc":{"start":{"line":93,"column":38},"end":{"line":93,"column":61}},"line":93}},"branchMap":{"0":{"loc":{"start":{"line":48,"column":6},"end":{"line":48,"column":22}},"type":"if","locations":[{"start":{"line":48,"column":6},"end":{"line":48,"column":22}},{"start":{},"end":{}}],"line":48},"1":{"loc":{"start":{"line":49,"column":6},"end":{"line":49,"column":71}},"type":"if","locations":[{"start":{"line":49,"column":6},"end":{"line":49,"column":71}},{"start":{},"end":{}}],"line":49},"2":{"loc":{"start":{"line":50,"column":6},"end":{"line":50,"column":72}},"type":"if","locations":[{"start":{"line":50,"column":6},"end":{"line":50,"column":72}},{"start":{},"end":{}}],"line":50},"3":{"loc":{"start":{"line":70,"column":21},"end":{"line":70,"column":54}},"type":"binary-expr","locations":[{"start":{"line":70,"column":21},"end":{"line":70,"column":46}},{"start":{"line":70,"column":50},"end":{"line":70,"column":54}}],"line":70},"4":{"loc":{"start":{"line":84,"column":6},"end":{"line":84,"column":20}},"type":"if","locations":[{"start":{"line":84,"column":6},"end":{"line":84,"column":20}},{"start":{},"end":{}}],"line":84},"5":{"loc":{"start":{"line":85,"column":6},"end":{"line":85,"column":82}},"type":"if","locations":[{"start":{"line":85,"column":6},"end":{"line":85,"column":82}},{"start":{},"end":{}}],"line":85},"6":{"loc":{"start":{"line":86,"column":6},"end":{"line":86,"column":88}},"type":"if","locations":[{"start":{"line":86,"column":6},"end":{"line":86,"column":88}},{"start":{},"end":{}}],"line":86},"7":{"loc":{"start":{"line":87,"column":6},"end":{"line":87,"column":93}},"type":"if","locations":[{"start":{"line":87,"column":6},"end":{"line":87,"column":93}},{"start":{},"end":{}}],"line":87},"8":{"loc":{"start":{"line":94,"column":6},"end":{"line":94,"column":39}},"type":"if","locations":[{"start":{"line":94,"column":6},"end":{"line":94,"column":39}},{"start":{},"end":{}}],"line":94}},"s":{"0":3,"1":3,"2":7,"3":4,"4":4,"5":4,"6":1,"7":3,"8":2,"9":3,"10":2,"11":3,"12":5,"13":3,"14":6,"15":4,"16":5,"17":5,"18":5,"19":1,"20":4,"21":1,"22":4,"23":1,"24":4,"25":2,"26":3,"27":5,"28":3,"29":3,"30":3,"31":2,"32":3},"f":{"0":7,"1":4,"2":4,"3":3,"4":5,"5":6,"6":4,"7":5,"8":5,"9":3,"10":5,"11":3,"12":3},"b":{"0":[1,3],"1":[2,1],"2":[2,1],"3":[4,1],"4":[1,4],"5":[1,3],"6":[1,3],"7":[2,2],"8":[2,1]},"_coverageSchema":"1a1c01bbd47fc00a2c39e90264f33305004495a9","hash":"b33b082f352fe152d9c847e0eb1887cecc7ff837"}
,"/Users/eric/Documents/Angeles/angeles/src/features/selectors.ts": {"path":"/Users/eric/Documents/Angeles/angeles/src/features/selectors.ts","statementMap":{"0":{"start":{"line":3,"column":35},"end":{"line":3,"column":77}},"1":{"start":{"line":3,"column":57},"end":{"line":3,"column":77}},"2":{"start":{"line":4,"column":35},"end":{"line":4,"column":72}},"3":{"start":{"line":4,"column":57},"end":{"line":4,"column":72}},"4":{"start":{"line":5,"column":36},"end":{"line":5,"column":98}},"5":{"start":{"line":5,"column":58},"end":{"line":5,"column":98}},"6":{"start":{"line":5,"column":86},"end":{"line":5,"column":97}},"7":{"start":{"line":6,"column":36},"end":{"line":6,"column":99}},"8":{"start":{"line":6,"column":58},"end":{"line":6,"column":99}},"9":{"start":{"line":6,"column":86},"end":{"line":6,"column":98}}},"fnMap":{"0":{"name":"(anonymous_0)","decl":{"start":{"line":3,"column":35},"end":{"line":3,"column":36}},"loc":{"start":{"line":3,"column":57},"end":{"line":3,"column":77}},"line":3},"1":{"name":"(anonymous_1)","decl":{"start":{"line":4,"column":35},"end":{"line":4,"column":36}},"loc":{"start":{"line":4,"column":57},"end":{"line":4,"column":72}},"line":4},"2":{"name":"(anonymous_2)","decl":{"start":{"line":5,"column":36},"end":{"line":5,"column":37}},"loc":{"start":{"line":5,"column":58},"end":{"line":5,"column":98}},"line":5},"3":{"name":"(anonymous_3)","decl":{"start":{"line":5,"column":81},"end":{"line":5,"column":82}},"loc":{"start":{"line":5,"column":86},"end":{"line":5,"column":97}},"line":5},"4":{"name":"(anonymous_4)","decl":{"start":{"line":6,"column":36},"end":{"line":6,"column":37}},"loc":{"start":{"line":6,"column":58},"end":{"line":6,"column":99}},"line":6},"5":{"name":"(anonymous_5)","decl":{"start":{"line":6,"column":81},"end":{"line":6,"column":82}},"loc":{"start":{"line":6,"column":86},"end":{"line":6,"column":98}},"line":6}},"branchMap":{},"s":{"0":3,"1":27,"2":3,"3":27,"4":3,"5":1,"6":3,"7":3,"8":1,"9":3},"f":{"0":27,"1":27,"2":1,"3":3,"4":1,"5":3},"b":{},"_coverageSchema":"1a1c01bbd47fc00a2c39e90264f33305004495a9","hash":"fe328c55c4abb1dc32fd762f5553e8c3740cb7b5"}
}
