TN:
SF:src/App.tsx
FN:4,App
FNF:1
FNH:1
FNDA:1,App
DA:5,1
LF:1
LH:1
BRF:0
BRH:0
end_of_record
TN:
SF:src/hooks.ts
FN:4,(anonymous_0)
FNF:1
FNH:1
FNDA:38,(anonymous_0)
DA:4,38
DA:5,2
LF:2
LH:2
BRF:0
BRH:0
end_of_record
TN:
SF:src/test-utils.tsx
FN:9,render
FNF:1
FNH:1
FNDA:28,render
DA:10,28
DA:14,28
LF:2
LH:2
BRF:0
BRH:0
end_of_record
TN:
SF:src/components/atoms/dot/dot.tsx
FN:3,(anonymous_0)
FNF:1
FNH:1
FNDA:25,(anonymous_0)
DA:3,8
DA:4,25
LF:2
LH:2
BRF:0
BRH:0
end_of_record
TN:
SF:src/components/molecules/categoriesDot/categoriesDot.tsx
FN:8,(anonymous_0)
FNF:1
FNH:1
FNDA:16,(anonymous_0)
DA:8,4
DA:9,16
LF:2
LH:2
BRF:0
BRH:0
end_of_record
TN:
SF:src/components/molecules/taskCompletitionSelector/taskCompletitionSelector.tsx
FN:10,(anonymous_0)
FN:42,(anonymous_1)
FN:56,(anonymous_2)
FNF:3
FNH:3
FNDA:7,(anonymous_0)
FNDA:1,(anonymous_1)
FNDA:1,(anonymous_2)
DA:10,4
DA:14,7
DA:16,7
DA:42,1
DA:56,1
LF:5
LH:5
BRDA:39,0,0,6
BRDA:39,0,1,1
BRDA:53,1,0,1
BRDA:53,1,1,6
BRF:4
BRH:4
end_of_record
TN:
SF:src/components/molecules/taskContent/taskContent.tsx
FN:4,(anonymous_0)
FNF:1
FNH:1
FNDA:8,(anonymous_0)
DA:4,5
DA:5,8
LF:2
LH:2
BRF:0
BRH:0
end_of_record
TN:
SF:src/components/molecules/taskFooter/taskFooter.tsx
FN:11,(anonymous_0)
FN:39,(anonymous_1)
FNF:2
FNH:2
FNDA:8,(anonymous_0)
FNDA:1,(anonymous_1)
DA:11,5
DA:12,8
DA:40,1
LF:3
LH:3
BRDA:30,0,0,8
BRDA:30,0,1,8
BRF:2
BRH:2
end_of_record
TN:
SF:src/components/organisms/addTaskModal/addTaskModal.tsx
FN:39,(anonymous_0)
FN:49,(anonymous_1)
FN:52,(anonymous_2)
FN:87,(anonymous_3)
FN:109,(anonymous_4)
FN:118,(anonymous_5)
FN:134,(anonymous_6)
FNF:7
FNH:4
FNDA:6,(anonymous_0)
FNDA:5,(anonymous_1)
FNDA:0,(anonymous_2)
FNDA:1,(anonymous_3)
FNDA:0,(anonymous_4)
FNDA:20,(anonymous_5)
FNDA:0,(anonymous_6)
DA:16,3
DA:39,3
DA:45,6
DA:46,6
DA:47,6
DA:49,6
DA:52,6
DA:53,0
DA:54,0
DA:55,0
DA:56,0
DA:57,0
DA:60,6
DA:87,1
DA:109,0
DA:119,20
DA:134,0
LF:17
LH:10
BRDA:158,0,0,6
BRDA:158,0,1,1
BRDA:158,0,2,0
BRF:3
BRH:2
end_of_record
TN:
SF:src/components/organisms/categoriesList/categoriesList.tsx
FN:8,(anonymous_0)
FN:41,(anonymous_1)
FNF:2
FNH:2
FNDA:4,(anonymous_0)
FNDA:14,(anonymous_1)
DA:8,3
DA:9,4
DA:42,14
LF:3
LH:3
BRF:0
BRH:0
end_of_record
TN:
SF:src/components/organisms/headerBar/headerBar.tsx
FN:4,(anonymous_0)
FNF:1
FNH:1
FNDA:4,(anonymous_0)
DA:4,3
DA:5,4
DA:7,4
LF:3
LH:3
BRF:0
BRH:0
end_of_record
TN:
SF:src/components/organisms/taskCard/taskCard.tsx
FN:11,(anonymous_0)
FNF:1
FNH:1
FNDA:6,(anonymous_0)
DA:11,4
DA:12,6
LF:2
LH:2
BRF:0
BRH:0
end_of_record
TN:
SF:src/components/organisms/taskheader/taskHeader.tsx
FN:8,(anonymous_0)
FNF:1
FNH:1
FNDA:6,(anonymous_0)
DA:8,3
DA:9,6
LF:2
LH:2
BRF:0
BRH:0
end_of_record
TN:
SF:src/components/organisms/tasksBoard/taskBoard.tsx
FN:13,(anonymous_0)
FN:28,(anonymous_1)
FNF:2
FNH:2
FNDA:4,(anonymous_0)
FNDA:5,(anonymous_1)
DA:13,3
DA:19,4
DA:29,5
LF:3
LH:3
BRDA:29,0,0,5
BRDA:29,0,1,0
BRF:2
BRH:1
end_of_record
TN:
SF:src/components/organisms/testParaStore/testParaStore.tsx
FN:21,(anonymous_0)
FN:31,(anonymous_1)
FN:37,(anonymous_2)
FN:44,(anonymous_3)
FN:56,(anonymous_4)
FN:64,(anonymous_5)
FN:79,(anonymous_6)
FN:96,(anonymous_7)
FN:104,(anonymous_8)
FN:122,(anonymous_9)
FN:123,(anonymous_10)
FN:133,(anonymous_11)
FN:150,(anonymous_12)
FN:161,(anonymous_13)
FN:177,(anonymous_14)
FNF:15
FNH:15
FNDA:36,(anonymous_0)
FNDA:22,(anonymous_1)
FNDA:6,(anonymous_2)
FNDA:2,(anonymous_3)
FNDA:1,(anonymous_4)
FNDA:161,(anonymous_5)
FNDA:1,(anonymous_6)
FNDA:6,(anonymous_7)
FNDA:1,(anonymous_8)
FNDA:216,(anonymous_9)
FNDA:464,(anonymous_10)
FNDA:1,(anonymous_11)
FNDA:2,(anonymous_12)
FNDA:2,(anonymous_13)
FNDA:161,(anonymous_14)
DA:21,1
DA:22,36
DA:23,36
DA:24,36
DA:25,36
DA:26,36
DA:27,36
DA:28,36
DA:29,36
DA:31,36
DA:32,22
DA:33,7
DA:37,36
DA:38,6
DA:39,6
DA:40,6
DA:44,36
DA:45,2
DA:52,2
DA:53,2
DA:56,36
DA:57,1
DA:60,36
DA:65,161
DA:79,1
DA:96,6
DA:104,1
DA:123,464
DA:124,216
DA:133,1
DA:150,2
DA:161,2
DA:178,161
LF:33
LH:33
BRDA:32,0,0,7
BRDA:32,0,1,15
BRDA:32,1,0,22
BRDA:32,1,1,22
BRDA:38,2,0,6
BRDA:38,2,1,0
BRDA:118,3,0,36
BRDA:118,3,1,36
BRDA:129,4,0,216
BRDA:129,4,1,0
BRDA:195,5,0,36
BRDA:195,5,1,4
BRDA:195,5,2,2
BRF:13
BRH:11
end_of_record
TN:
SF:src/components/templates/taskTemplate/taskTemplate.tsx
FN:25,(anonymous_0)
FN:42,(anonymous_1)
FNF:2
FNH:1
FNDA:3,(anonymous_0)
FNDA:0,(anonymous_1)
DA:25,2
DA:36,3
DA:43,0
LF:3
LH:2
BRF:0
BRH:0
end_of_record
TN:
SF:src/constans/initialValues.ts
FNF:0
FNH:0
DA:3,15
LF:1
LH:1
BRF:0
BRH:0
end_of_record
TN:
SF:src/constans/strings.ts
FNF:0
FNH:0
DA:3,9
LF:1
LH:1
BRF:0
BRH:0
end_of_record
TN:
SF:src/entities/categories/categories.types.ts
FNF:0
FNH:0
LF:0
LH:0
BRF:0
BRH:0
end_of_record
TN:
SF:src/entities/mocks/categoriesMocks.ts
FNF:0
FNH:0
DA:3,3
LF:1
LH:1
BRF:0
BRH:0
end_of_record
TN:
SF:src/entities/mocks/taskMocks.ts
FNF:0
FNH:0
DA:1,3
DA:9,3
LF:2
LH:2
BRF:0
BRH:0
end_of_record
TN:
SF:src/entities/task/task.types.ts
FNF:0
FNH:0
LF:0
LH:0
BRF:0
BRH:0
end_of_record
TN:
SF:src/features/appSlice.ts
FN:15,(anonymous_0)
FN:22,(anonymous_1)
FN:26,(anonymous_2)
FN:31,(anonymous_3)
FN:33,(anonymous_4)
FN:35,(anonymous_5)
FN:38,(anonymous_6)
FN:54,(anonymous_7)
FN:64,(anonymous_8)
FN:74,(anonymous_9)
FN:75,(anonymous_10)
FN:77,(anonymous_11)
FN:78,(anonymous_12)
FNF:13
FNH:13
FNDA:7,(anonymous_0)
FNDA:4,(anonymous_1)
FNDA:4,(anonymous_2)
FNDA:3,(anonymous_3)
FNDA:9,(anonymous_4)
FNDA:12,(anonymous_5)
FNDA:4,(anonymous_6)
FNDA:5,(anonymous_7)
FNDA:5,(anonymous_8)
FNDA:3,(anonymous_9)
FNDA:11,(anonymous_10)
FNDA:3,(anonymous_11)
FNDA:3,(anonymous_12)
DA:11,15
DA:16,7
DA:26,4
DA:27,4
DA:28,3
DA:29,3
DA:32,3
DA:33,9
DA:35,12
DA:46,4
DA:64,5
DA:65,5
DA:66,4
DA:67,4
DA:68,1
DA:69,4
DA:70,2
DA:71,4
DA:72,0
DA:75,11
DA:78,3
DA:79,3
DA:92,15
LF:23
LH:22
BRDA:27,0,0,1
BRDA:27,0,1,3
BRDA:28,1,0,2
BRDA:28,1,1,1
BRDA:29,2,0,2
BRDA:29,2,1,1
BRDA:50,3,0,4
BRDA:50,3,1,1
BRDA:65,4,0,1
BRDA:65,4,1,4
BRDA:66,5,0,1
BRDA:66,5,1,3
BRDA:67,6,0,1
BRDA:67,6,1,3
BRDA:69,7,0,2
BRDA:69,7,1,2
BRDA:71,8,0,0
BRDA:71,8,1,4
BRDA:79,9,0,2
BRDA:79,9,1,1
BRF:20
BRH:19
end_of_record
TN:
SF:src/features/selectors.ts
FN:3,(anonymous_0)
FN:4,(anonymous_1)
FN:5,(anonymous_2)
FN:5,(anonymous_3)
FN:6,(anonymous_4)
FN:6,(anonymous_5)
FNF:6
FNH:6
FNDA:27,(anonymous_0)
FNDA:27,(anonymous_1)
FNDA:1,(anonymous_2)
FNDA:3,(anonymous_3)
FNDA:1,(anonymous_4)
FNDA:3,(anonymous_5)
DA:3,27
DA:4,27
DA:5,3
DA:6,3
LF:4
LH:4
BRF:0
BRH:0
end_of_record
TN:
SF:src/screens/taskScreen/taskScreen.tsx
FN:8,(anonymous_0)
FN:16,(anonymous_1)
FN:17,(anonymous_2)
FN:18,(anonymous_3)
FN:25,(anonymous_4)
FN:30,(anonymous_5)
FN:38,(anonymous_6)
FN:45,(anonymous_7)
FN:48,(anonymous_8)
FNF:9
FNH:5
FNDA:2,(anonymous_0)
FNDA:1,(anonymous_1)
FNDA:6,(anonymous_2)
FNDA:13,(anonymous_3)
FNDA:6,(anonymous_4)
FNDA:0,(anonymous_5)
FNDA:0,(anonymous_6)
FNDA:0,(anonymous_7)
FNDA:0,(anonymous_8)
DA:8,1
DA:9,2
DA:10,2
DA:11,2
DA:12,2
DA:13,2
DA:14,2
DA:16,2
DA:17,1
DA:18,13
DA:19,6
DA:24,1
DA:25,6
DA:27,1
DA:30,2
DA:31,0
DA:38,2
DA:43,0
DA:45,2
DA:46,0
DA:48,2
DA:49,0
DA:51,2
LF:23
LH:19
BRDA:21,0,0,6
BRDA:21,0,1,0
BRF:2
BRH:1
end_of_record
